Initializing document watcher...
feriados/test.txt: {}
feriados/test.txt: Using EditorConfig core...
feriados/test.txt: Using EditorConfig core...
feriados/test.html: {}
feriados/test.html: {}
feriados/test.html: {}
feriados/test.html: {}
feriados/test.html: Using EditorConfig core...
feriados/test.html: {}
feriados/test.html: {}
feriados/test.html: {}
feriados/get_feriados.sh: {}
feriados/get_feriados.sh: Using EditorConfig core...
feriados/get_feriados.sh: Using EditorConfig core...
feriados/get_feriados.sh: {}
feriados/get_feriados.sh: {}
feriados/get_feriados.sh: {}
feriados/get_feriados.sh: {}
feriados/get_feriados.sh: Using EditorConfig core...
feriados/get_feriados.sh: {}
feriados/get_feriados.sh: {}
feriados/get_feriados.sh: Using EditorConfig core...
feriados/get_feriados.sh: {}
feriados/get_feriados.sh: Using EditorConfig core...
feriados/get_feriados.sh: {}
feriados/get_feriados.sh: {}
