["INFO" - 15:31:45] Extension Name: esbenp.prettier-vscode.
["INFO" - 15:31:45] Extension Version: 8.0.1.
["INFO" - 15:59:36] Formatting /home/rafael/Projects/MegaImagem/auto-servico-frontend-web/app/containers/UsuariosPage/components/UsuariosTable.js
["INFO" - 15:59:36] Using ignore file (if present) at /home/rafael/Projects/MegaImagem/auto-servico-frontend-web/.prettierignore
["INFO" - 15:59:36] File Info:
{
  "ignored": false,
  "inferredParser": "babel"
}
["INFO" - 15:59:36] No local configuration (i.e. .prettierrc or .editorconfig) detected, falling back to VS Code configuration
["INFO" - 15:59:36] Prettier Options:
{
  "arrowParens": "always",
  "bracketSpacing": true,
  "endOfLine": "lf",
  "htmlWhitespaceSensitivity": "css",
  "insertPragma": false,
  "jsxBracketSameLine": false,
  "jsxSingleQuote": false,
  "printWidth": 80,
  "proseWrap": "preserve",
  "quoteProps": "as-needed",
  "requirePragma": false,
  "semi": true,
  "singleQuote": false,
  "tabWidth": 2,
  "trailingComma": "es5",
  "useTabs": false,
  "vueIndentScriptAndStyle": false,
  "filepath": "/home/rafael/Projects/MegaImagem/auto-servico-frontend-web/app/containers/UsuariosPage/components/UsuariosTable.js",
  "parser": "babel"
}
["INFO" - 15:59:36] Formatting completed in 136.90309ms.
