Validating found git in: git
Using git 2.32.0 from git
> git rev-parse --git-dir
Open repository: /home/rafael/Projects/MegaImagem/auto-servico-frontend-app
> git fetch
> git status -z -u
> git symbolic-ref --short HEAD
> git for-each-ref --format=%(refname)%00%(upstream:short)%00%(objectname)%00%(upstream:track) refs/heads/dev refs/remotes/dev
> git for-each-ref --sort -committerdate --format %(refname) %(objectname) %(*objectname)
> git remote --verbose
Warning: Failed to watch ref '/home/rafael/Projects/MegaImagem/auto-servico-frontend-app/.git/refs/remotes/origin/dev', is most likely packed.
> git config --get commit.template
> git show --textconv HEAD:src/screens/selecao-horarios/index.jsx
> git ls-tree -l HEAD -- /home/rafael/Projects/MegaImagem/auto-servico-frontend-app/src/screens/selecao-horarios/index.jsx
> git check-ignore -v -z --stdin
> git status -z -u
> git symbolic-ref --short HEAD
> git for-each-ref --format=%(refname)%00%(upstream:short)%00%(objectname)%00%(upstream:track) refs/heads/dev refs/remotes/dev
> git for-each-ref --sort -committerdate --format %(refname) %(objectname) %(*objectname)
> git remote --verbose
Warning: Failed to watch ref '/home/rafael/Projects/MegaImagem/auto-servico-frontend-app/.git/refs/remotes/origin/dev', is most likely packed.
> git config --get commit.template
> git ls-tree -l HEAD -- /home/rafael/Projects/MegaImagem/auto-servico-frontend-app/src/screens/selecao-horarios/index.jsx
> git check-ignore -v -z --stdin
> git status -z -u
> git log --format=%H%n%aN%n%aE%n%at%n%ct%n%P%n%B -z -n21 -- /home/rafael/Projects/MegaImagem/auto-servico-frontend-app/src/screens/selecao-horarios/index.jsx
> git log --format=%H%n%aN%n%aE%n%at%n%ct%n%P%n%B -z -n41 -- /home/rafael/Projects/MegaImagem/auto-servico-frontend-app/src/screens/selecao-horarios/index.jsx
> git symbolic-ref --short HEAD
> git for-each-ref --format=%(refname)%00%(upstream:short)%00%(objectname)%00%(upstream:track) refs/heads/dev refs/remotes/dev
> git for-each-ref --sort -committerdate --format %(refname) %(objectname) %(*objectname)
> git remote --verbose
Warning: Failed to watch ref '/home/rafael/Projects/MegaImagem/auto-servico-frontend-app/.git/refs/remotes/origin/dev', is most likely packed.
> git config --get commit.template
> git show --textconv HEAD:src/screens/selecao-horarios/index.jsx
> git show --textconv :src/screens/selecao-horarios/index.jsx
> git ls-files --stage -- /home/rafael/Projects/MegaImagem/auto-servico-frontend-app/src/screens/selecao-horarios/index.jsx
> git cat-file -s f502cbe8951b5d494f7cf4d5a205849fd5ec2259
> git check-ignore -v -z --stdin
> git show --textconv HEAD:src/screens/agendamento/novoConvenio.jsx
> git ls-tree -l HEAD -- /home/rafael/Projects/MegaImagem/auto-servico-frontend-app/src/screens/agendamento/novoConvenio.jsx
> git check-ignore -v -z --stdin
