Initializing document watcher...
Mesarthim/Mesarthim.conf: Using EditorConfig core...
Mesarthim/Mesarthim.conf: Using EditorConfig core...
Mesarthim/Mesarthim.conf: Using EditorConfig core...
Mesarthim/Mesarthim.conf: Using EditorConfig core...
Mesarthim/Mesarthim.conf: Using EditorConfig core...
Mesarthim/Mesarthim.conf: Using EditorConfig core...
Mesarthim/Mesarthim.conf: Using EditorConfig core...
Mesarthim/Mesarthim.conf: Using EditorConfig core...
Mesarthim/Mesarthim.conf: Using EditorConfig core...
Mesarthim/Mesarthim.conf: Using EditorConfig core...
Mesarthim/Mesarthim.conf: Using EditorConfig core...
Mesarthim/Mesarthim.conf: Using EditorConfig core...
Mesarthim/Mesarthim.conf: Using EditorConfig core...
Mesarthim/Mesarthim.conf: Using EditorConfig core...
Mesarthim/Mesarthim.conf: Using EditorConfig core...
Mesarthim/Mesarthim.conf: Using EditorConfig core...
Mesarthim/Mesarthim.conf: Using EditorConfig core...
Mesarthim/Mesarthim.conf: Using EditorConfig core...
Mesarthim/Mesarthim.conf: Using EditorConfig core...
Mesarthim/Mesarthim.conf: Using EditorConfig core...
Mesarthim/Mesarthim.conf: Using EditorConfig core...
/home/rafael/.zshrc: {}
/home/rafael/.zshrc: {}
/home/rafael/.zshrc: {}
/home/rafael/.zshrc: Using EditorConfig core...
Mesarthim/Mesarthim.conf: {}
Mesarthim/Mesarthim.conf: {}
Mesarthim/Mesarthim.conf: {}
Mesarthim/Mesarthim.conf: {}
Mesarthim/Mesarthim.conf: {}
Mesarthim/Mesarthim.conf: {}
Mesarthim/Mesarthim.conf: {}
Mesarthim/Mesarthim.conf: {}
Mesarthim/Mesarthim.conf: Using EditorConfig core...
Mesarthim/Mesarthim.conf: {}
Mesarthim/Mesarthim.conf: {}
Mesarthim/Mesarthim.conf: {}
Mesarthim/Mesarthim.conf: {}
Mesarthim/Mesarthim.conf: {}
Mesarthim/Mesarthim.conf: {}
Mesarthim/Mesarthim.conf: {}
Mesarthim/Mesarthim.conf: {}
Mesarthim/Mesarthim.conf: {}
Mesarthim/Mesarthim.conf: {}
Mesarthim/Mesarthim.conf: {}
Mesarthim/Mesarthim.conf: {}
Mesarthim/Mesarthim.conf: {}
Mesarthim/Mesarthim.conf: {}
Mesarthim/Mesarthim.conf: {}
Mesarthim/Mesarthim.conf: {}
Mesarthim/Mesarthim.conf: {}
Mesarthim/Mesarthim.conf: {}
Mesarthim/Mesarthim.conf: {}
Mesarthim/Mesarthim.conf: {}
Mesarthim/Mesarthim.conf: {}
Mesarthim/Mesarthim.conf: {}
Mesarthim/Mesarthim.conf: {}
Mesarthim/Mesarthim.conf: {}
Mesarthim/Mesarthim.conf: {}
Mesarthim/Mesarthim.conf: {}
Mesarthim/Mesarthim.conf: {}
Mesarthim/Mesarthim.conf: {}
Mesarthim/Mesarthim.conf: {}
Mesarthim/Mesarthim.conf: {}
Mesarthim/Mesarthim.conf: {}
Mesarthim/Mesarthim.conf: {}
Mesarthim/Mesarthim.conf: {}
Mesarthim/Mesarthim.conf: {}
Mesarthim/Mesarthim.conf: {}
Mesarthim/Mesarthim.conf: {}
Mesarthim/Mesarthim.conf: {}
Mesarthim/Mesarthim.conf: {}
Mesarthim/Mesarthim.conf: {}
Mesarthim/Mesarthim.conf: {}
Mesarthim/Mesarthim.conf: {}
Mesarthim/Mesarthim.conf: {}
Mesarthim/Mesarthim.conf: {}
Mesarthim/Mesarthim.conf: {}
Mesarthim/Mesarthim.conf: Using EditorConfig core...
Mesarthim/Mesarthim.conf: Using EditorConfig core...
Mesarthim/Mesarthim.conf: {}
Mesarthim/Mesarthim.conf: Using EditorConfig core...
Mesarthim/Mesarthim.conf: {}
Mesarthim/Mesarthim.conf: Using EditorConfig core...
Mesarthim/Mesarthim.conf: {}
Mesarthim/Mesarthim.conf: Using EditorConfig core...
Mesarthim/Mesarthim.conf: {}
Mesarthim/Mesarthim.conf: {}
Mesarthim/Mesarthim.conf: {}
Mesarthim/Mesarthim.conf: Using EditorConfig core...
Mesarthim/Mesarthim.conf: {}
Mesarthim/Mesarthim.conf: {}
Mesarthim/Mesarthim.conf: {}
Mesarthim/Mesarthim.conf: {}
Mesarthim/Mesarthim.conf: {}
