[2021-07-15 17:32:50.056] [sharedprocess] [info] [logs cleanup]: Starting to clean up old logs.
[2021-07-15 17:32:50.057] [sharedprocess] [info] [logs cleanup]: Removing log folders '20210714T224344'
[2021-07-15 17:33:10.058] [sharedprocess] [info] [code cache cleanup]: Starting to clean up old code cache folders.
[2021-07-15 17:33:10.060] [sharedprocess] [info] [storage cleanup]: Starting to clean up storage folders.
[2021-07-15 17:33:20.058] [sharedprocess] [info] [language pack cache cleanup]: Starting to clean up unused language packs.
[2021-07-15 17:39:16.831] [sharedprocess] [warning] Resolved variables received without matching request 16
[2021-07-15 17:39:16.833] [sharedprocess] [warning] Resolved variables received without matching request 17
[2021-07-15 17:39:16.842] [sharedprocess] [warning] Resolved variables received without matching request 18
[2021-07-15 17:39:16.844] [sharedprocess] [warning] Resolved variables received without matching request 19
[2021-07-15 17:39:16.846] [sharedprocess] [warning] Resolved variables received without matching request 20
[2021-07-15 17:39:18.539] [sharedprocess] [warning] Resolved variables received without matching request 21
[2021-07-15 17:39:18.546] [sharedprocess] [warning] Resolved variables received without matching request 22
[2021-07-15 17:39:18.547] [sharedprocess] [warning] Resolved variables received without matching request 23
[2021-07-15 17:39:18.562] [sharedprocess] [warning] Resolved variables received without matching request 24
[2021-07-15 17:39:18.596] [sharedprocess] [warning] Resolved variables received without matching request 25
[2021-07-15 17:41:11.169] [sharedprocess] [warning] Resolved variables received without matching request 26
[2021-07-15 17:41:11.174] [sharedprocess] [warning] Resolved variables received without matching request 27
[2021-07-15 17:41:11.175] [sharedprocess] [warning] Resolved variables received without matching request 28
[2021-07-15 17:41:11.175] [sharedprocess] [warning] Resolved variables received without matching request 29
[2021-07-15 17:41:11.176] [sharedprocess] [warning] Resolved variables received without matching request 30
[2021-07-15 17:41:13.298] [sharedprocess] [warning] Resolved variables received without matching request 31
[2021-07-15 17:41:13.308] [sharedprocess] [warning] Resolved variables received without matching request 32
[2021-07-15 17:41:13.310] [sharedprocess] [warning] Resolved variables received without matching request 33
[2021-07-15 17:41:13.311] [sharedprocess] [warning] Resolved variables received without matching request 34
[2021-07-15 17:41:13.315] [sharedprocess] [warning] Resolved variables received without matching request 35
