["INFO" - 17:32:44] Extension Name: esbenp.prettier-vscode.
["INFO" - 17:32:44] Extension Version: 8.0.1.
["INFO" - 19:22:02] Formatting /home/rafael/Projects/MegaImagem/auto-servico-frontend-web/app/containers/PainelRetiradaPage/index.js
["INFO" - 19:22:02] Using ignore file (if present) at /home/rafael/Projects/MegaImagem/auto-servico-frontend-web/.prettierignore
["INFO" - 19:22:02] File Info:
{
  "ignored": false,
  "inferredParser": "babel"
}
["INFO" - 19:22:02] No local configuration (i.e. .prettierrc or .editorconfig) detected, falling back to VS Code configuration
["INFO" - 19:22:02] Prettier Options:
{
  "arrowParens": "always",
  "bracketSpacing": true,
  "endOfLine": "lf",
  "htmlWhitespaceSensitivity": "css",
  "insertPragma": false,
  "jsxBracketSameLine": false,
  "jsxSingleQuote": false,
  "printWidth": 80,
  "proseWrap": "preserve",
  "quoteProps": "as-needed",
  "requirePragma": false,
  "semi": true,
  "singleQuote": false,
  "tabWidth": 2,
  "trailingComma": "es5",
  "useTabs": false,
  "vueIndentScriptAndStyle": false,
  "filepath": "/home/rafael/Projects/MegaImagem/auto-servico-frontend-web/app/containers/PainelRetiradaPage/index.js",
  "parser": "babel"
}
["INFO" - 19:22:02] Formatting completed in 123.190514ms.
