Initializing document watcher...
auto-servico-frontend-web/app/containers/UsuariosPage/index.js: {}
auto-servico-frontend-web/app/containers/UsuariosPage/index.js: {}
auto-servico-frontend-web/app/containers/UsuariosPage/index.js: {}
auto-servico-frontend-web/app/containers/UsuariosPage/index.js: {}
auto-servico-frontend-web/app/containers/UsuariosPage/index.js: {}
auto-servico-frontend-web/app/containers/UsuariosPage/index.js: Using EditorConfig core...
auto-servico-frontend-web/app/containers/UsuariosPage/index.js: {}
auto-servico-frontend-web/app/containers/UsuariosPage/index.js: {}
auto-servico-frontend-web/app/containers/UsuariosPage/components/UsuariosTable.js: {}
auto-servico-frontend-web/app/containers/UsuariosPage/index.js: {}
auto-servico-frontend-web/app/containers/UsuariosPage/components/UsuariosTable.js: {}
auto-servico-frontend-web/app/containers/UsuariosPage/components/UsuariosTable.js: {}
auto-servico-frontend-web/app/containers/UsuariosPage/components/UsuariosTable.js: {}
auto-servico-frontend-web/app/containers/UsuariosPage/components/UsuariosTable.js: {}
auto-servico-frontend-web/app/containers/UsuariosPage/components/UsuariosTable.js: {}
auto-servico-frontend-web/app/containers/UsuariosPage/components/UsuariosTable.js: {}
auto-servico-frontend-web/app/containers/UsuariosPage/components/UsuariosTable.js: {}
auto-servico-frontend-web/app/containers/UsuariosPage/components/UsuariosTable.js: {}
auto-servico-frontend-web/app/containers/UsuariosPage/components/UsuariosTable.js: {}
auto-servico-frontend-web/app/containers/UsuariosPage/components/UsuariosTable.js: {}
auto-servico-frontend-web/app/containers/UsuariosPage/components/UsuariosTable.js: {}
auto-servico-frontend-web/app/containers/UsuariosPage/components/UsuariosTable.js: {}
auto-servico-frontend-web/app/containers/UsuariosPage/components/UsuariosTable.js: {}
auto-servico-frontend-web/app/containers/UsuariosPage/components/UsuariosTable.js: {}
auto-servico-frontend-web/app/containers/UsuariosPage/components/UsuariosTable.js: {}
auto-servico-frontend-web/app/containers/UsuariosPage/components/UsuariosTable.js: {}
auto-servico-frontend-web/app/containers/UsuariosPage/components/UsuariosTable.js: {}
auto-servico-frontend-web/app/containers/UsuariosPage/components/UsuariosTable.js: {}
auto-servico-frontend-web/app/containers/UsuariosPage/components/UsuariosTable.js: {}
auto-servico-frontend-web/app/containers/UsuariosPage/components/UsuariosTable.js: {}
auto-servico-frontend-web/app/containers/UsuariosPage/components/UsuariosTable.js: {}
auto-servico-frontend-web/app/containers/UsuariosPage/components/UsuariosTable.js: {}
auto-servico-frontend-web/app/containers/UsuariosPage/components/UsuariosTable.js: {}
auto-servico-frontend-web/app/containers/UsuariosPage/components/UsuariosTable.js: {}
auto-servico-frontend-web/app/containers/UsuariosPage/components/UsuariosTable.js: {}
auto-servico-frontend-web/app/containers/UsuariosPage/components/UsuariosTable.js: {}
auto-servico-frontend-web/app/containers/UsuariosPage/components/UsuariosTable.js: {}
auto-servico-frontend-web/app/containers/UsuariosPage/components/UsuariosTable.js: {}
auto-servico-frontend-web/app/containers/UsuariosPage/components/UsuariosTable.js: {}
auto-servico-frontend-web/app/containers/UsuariosPage/components/UsuariosTable.js: {}
auto-servico-frontend-web/app/containers/PainelRetiradaPage/index.js: {}
auto-servico-frontend-web/app/containers/PainelRetiradaPage/index.js: {}
auto-servico-frontend-web/app/containers/UsuariosPage/index.js: {}
auto-servico-frontend-web/app/containers/UsuariosPage/index.js: {}
auto-servico-frontend-web/app/containers/UsuariosPage/index.js: {}
auto-servico-frontend-web/app/containers/UsuariosPage/index.js: {}
auto-servico-frontend-web/app/containers/UsuariosPage/components/UsuariosTable.js: {}
auto-servico-frontend-web/app/containers/PainelRetiradaPage/index.js: {}
auto-servico-frontend-web/app/containers/PainelRetiradaPage/index.js: Using EditorConfig core...
auto-servico-frontend-web/app/containers/PainelRetiradaPage/index.js: {}
auto-servico-frontend-web/app/containers/PainelRetiradaPage/index.js: {}
auto-servico-frontend-web/app/containers/PainelRetiradaPage/index.js: {}
auto-servico-frontend-web/app/containers/PainelRetiradaPage/index.js: {}
auto-servico-frontend-web/app/containers/PainelRetiradaPage/index.js: {}
auto-servico-frontend-web/app/containers/PainelRetiradaPage/index.js: {}
auto-servico-frontend-web/app/containers/PainelRetiradaPage/index.js: {}
auto-servico-frontend-web/app/containers/PainelRetiradaPage/index.js: {}
auto-servico-frontend-web/app/containers/PainelRetiradaPage/index.js: {}
auto-servico-frontend-web/app/containers/BackofficeRetirada/index.js: {}
auto-servico-frontend-web/app/containers/BackofficeRetirada/index.js: {}
auto-servico-frontend-web/app/containers/PainelRetiradaPage/index.js: {}
auto-servico-frontend-web/app/containers/PainelRetiradaPage/index.js: {}
auto-servico-frontend-web/app/containers/PainelRetiradaPage/index.js: {}
auto-servico-frontend-web/app/containers/PainelRetiradaPage/index.js: {}
auto-servico-frontend-web/app/containers/PainelRetiradaPage/index.js: {}
auto-servico-frontend-web/app/containers/PainelRetiradaPage/index.js: Using EditorConfig core...
auto-servico-frontend-web/app/containers/PainelRetiradaPage/index.js: {}
auto-servico-frontend-web/app/containers/PainelRetiradaPage/index.js: Using EditorConfig core...
auto-servico-frontend-web/app/containers/PainelRetiradaPage/index.js: {}
auto-servico-frontend-web/app/containers/PainelRetiradaPage/index.js: {}
auto-servico-frontend-web/app/containers/PainelRetiradaPage/index.js: {}
auto-servico-frontend-web/app/containers/PainelRetiradaPage/index.js: {}
auto-servico-frontend-web/app/containers/PainelRetiradaPage/index.js: {}
auto-servico-frontend-web/app/containers/PainelRetiradaPage/index.js: {}
auto-servico-frontend-web/app/containers/PainelRetiradaPage/index.js: {}
auto-servico-frontend-web/app/containers/PainelRetiradaPage/index.js: Using EditorConfig core...
auto-servico-frontend-web/app/containers/PainelRetiradaPage/index.js: {}
auto-servico-frontend-web/app/containers/PainelRetiradaPage/index.js: {}
auto-servico-frontend-web/app/containers/PainelRetiradaPage/index.js: {}
auto-servico-frontend-web/app/containers/PainelRetiradaPage/index.js: {}
auto-servico-frontend-web/app/containers/PainelRetiradaPage/index.js: {}
auto-servico-frontend-web/app/containers/PainelRetiradaPage/index.js: {}
