Initializing document watcher...
auto-servico-frontend-web/app/containers/BackofficeRetirada/table/RetiradaTotemTable/index.js: {}
auto-servico-frontend-web/app/containers/BackofficeRetirada/index.js: {}
auto-servico-frontend-web/app/containers/BackofficeRetirada/index.js: {}
auto-servico-frontend-web/app/containers/BackofficeRetirada/index.js: {}
auto-servico-frontend-web/app/containers/BackofficeRetirada/index.js: {}
/home/rafael/.config/conky/Mesarthim/Mesarthim.conf: {}
/home/rafael/.config/conky/Mesarthim/Mesarthim.conf: {}
/home/rafael/.config/conky/Mesarthim/Mesarthim.conf: Using EditorConfig core...
/home/rafael/.config/conky/Mesarthim/Mesarthim.conf: {}
auto-servico-frontend-web/app/containers/BackofficeRetirada/index.js: {}
auto-servico-frontend-web/app/containers/BackofficeRetirada/index.js: {}
auto-servico-frontend-web/app/containers/BackofficeRetirada/index.js: {}
auto-servico-frontend-web/app/containers/BackofficeRetirada/index.js: {}
auto-servico-frontend-web/app/containers/BackofficeRetirada/index.js: {}
auto-servico-frontend-web/app/containers/BackofficeRetirada/index.js: {}
auto-servico-frontend-web/app/containers/BackofficeRetirada/index.js: {}
auto-servico-frontend-web/app/containers/BackofficeRetirada/index.js: {}
auto-servico-frontend-web/app/containers/BackofficeRetirada/index.js: {}
auto-servico-frontend-web/app/containers/BackofficeRetirada/index.js: {}
auto-servico-frontend-web/app/containers/BackofficeRetirada/index.js: {}
auto-servico-frontend-web/app/containers/BackofficeRetirada/index.js: {}
auto-servico-frontend-web/app/containers/BackofficeRetirada/index.js: {}
auto-servico-frontend-web/app/containers/BackofficeRetirada/index.js: {}
auto-servico-frontend-web/app/containers/BackofficeRetirada/index.js: {}
auto-servico-frontend-web/app/containers/BackofficeRetirada/table/RetiradaTotemTable/index.js: {}
auto-servico-frontend-web/app/containers/BackofficeRetirada/index.js: {}
auto-servico-frontend-web/app/containers/BackofficeRetirada/index.js: {}
auto-servico-frontend-web/app/containers/BackofficeRetirada/index.js: {}
auto-servico-frontend-web/app/containers/BackofficeRetirada/index.js: {}
auto-servico-frontend-web/app/containers/BackofficeRetirada/index.js: {}
auto-servico-frontend-web/app/containers/BackofficeRetirada/index.js: {}
auto-servico-frontend-web/app/containers/BackofficeRetirada/table/RetiradaTotemTable/index.js: {}
auto-servico-frontend-web/app/containers/BackofficeRetirada/index.js: {}
No more open editors.
No more open editors.
No more open editors.
No more open editors.
No more open editors.
No more open editors.
No more open editors.
No more open editors.
No more open editors.
No more open editors.
No more open editors.
No more open editors.
No more open editors.
No more open editors.
auto-servico-frontend-web/app/containers/UsuariosPage/components/UsuariosTable.js: {}
auto-servico-frontend-web/app/containers/UsuariosPage/components/UsuariosTable.js: {}
auto-servico-frontend-web/app/containers/UsuariosPage/components/UsuariosTable.js: {}
auto-servico-frontend-web/app/containers/UsuariosPage/components/UsuariosTable.js: {}
auto-servico-frontend-web/app/containers/UsuariosPage/components/UsuariosTable.js: {}
auto-servico-frontend-web/app/containers/UsuariosPage/components/UsuariosTable.js: Using EditorConfig core...
auto-servico-frontend-web/app/containers/UsuariosPage/components/UsuariosTable.js: {}
auto-servico-frontend-web/app/containers/UsuariosPage/components/UsuariosTable.js: {}
auto-servico-frontend-web/app/containers/UsuariosPage/components/UsuariosTable.js: {}
auto-servico-frontend-web/app/containers/UsuariosPage/components/UsuariosTable.js: {}
auto-servico-frontend-web/app/containers/UsuariosPage/components/UsuariosTable.js: {}
auto-servico-frontend-web/app/containers/UsuariosPage/components/UsuariosTable.js: {}
auto-servico-frontend-web/app/containers/UsuariosPage/index.js: {}
auto-servico-frontend-web/app/containers/UsuariosPage/components/UsuariosTable.js: {}
auto-servico-frontend-web/app/containers/UsuariosPage/index.js: {}
auto-servico-frontend-web/app/containers/UsuariosPage/index.js: {}
auto-servico-frontend-web/app/containers/UsuariosPage/components/AdicionarUsuario.js: {}
auto-servico-frontend-web/app/containers/UsuariosPage/components/AdicionarUsuario.js: Using EditorConfig core...
auto-servico-frontend-web/app/containers/UsuariosPage/components/AdicionarUsuario.js: {}
auto-servico-frontend-web/app/containers/UsuariosPage/components/AdicionarUsuario.js: {}
auto-servico-frontend-web/app/containers/UsuariosPage/components/AdicionarUsuario.js: {}
auto-servico-frontend-web/app/containers/UsuariosPage/components/AdicionarUsuario.js: {}
auto-servico-frontend-web/app/containers/UsuariosPage/components/AdicionarUsuario.js: Using EditorConfig core...
auto-servico-frontend-web/app/containers/UsuariosPage/index.js: {}
auto-servico-frontend-web/app/containers/UsuariosPage/components/AdicionarUsuario.js: {}
auto-servico-frontend-web/app/containers/UsuariosPage/components/AdicionarUsuario.js: {}
auto-servico-frontend-web/app/containers/UsuariosPage/components/AdicionarUsuario.js: {}
auto-servico-frontend-web/app/containers/UsuariosPage/components/AdicionarUsuario.js: {}
auto-servico-frontend-web/app/containers/UsuariosPage/components/AdicionarUsuario.js: {}
auto-servico-frontend-web/app/containers/UsuariosPage/components/AdicionarUsuario.js: {}
auto-servico-frontend-web/app/containers/UsuariosPage/components/AdicionarUsuario.js: {}
auto-servico-frontend-web/app/containers/UsuariosPage/components/AdicionarUsuario.js: {}
auto-servico-frontend-web/app/containers/UsuariosPage/components/AdicionarUsuario.js: {}
auto-servico-frontend-web/app/containers/UsuariosPage/components/AdicionarUsuario.js: {}
auto-servico-frontend-web/app/containers/UsuariosPage/components/AdicionarUsuario.js: {}
auto-servico-frontend-web/app/containers/UsuariosPage/components/AdicionarUsuario.js: {}
auto-servico-frontend-web/app/containers/UsuariosPage/index.js: {}
auto-servico-frontend-web/app/containers/UsuariosPage/components/EditarUsuario.js: {}
auto-servico-frontend-web/app/containers/UsuariosPage/components/AdicionarUsuario.js: {}
auto-servico-frontend-web/app/containers/UsuariosPage/components/EditarUsuario.js: {}
auto-servico-frontend-web/app/containers/UsuariosPage/components/EditarUsuario.js: {}
auto-servico-frontend-web/app/containers/UsuariosPage/components/EditarUsuario.js: {}
auto-servico-frontend-web/app/containers/UsuariosPage/components/EditarUsuario.js: {}
auto-servico-frontend-web/app/containers/UsuariosPage/index.js: {}
auto-servico-frontend-web/app/containers/UsuariosPage/index.js: {}
auto-servico-frontend-web/app/containers/UsuariosPage/index.js: {}
auto-servico-frontend-web/app/containers/UsuariosPage/index.js: {}
auto-servico-frontend-web/app/containers/UsuariosPage/index.js: {}
auto-servico-frontend-web/app/containers/UsuariosPage/components/EditarUsuario.js: {}
auto-servico-frontend-web/app/containers/UsuariosPage/components/EditarUsuario.js: Using EditorConfig core...
auto-servico-frontend-web/app/containers/UsuariosPage/components/EditarUsuario.js: {}
auto-servico-frontend-web/app/containers/UsuariosPage/components/EditarUsuario.js: Using EditorConfig core...
auto-servico-frontend-web/app/containers/UsuariosPage/index.js: {}
auto-servico-frontend-web/app/containers/UsuariosPage/index.js: {}
auto-servico-frontend-web/app/containers/UsuariosPage/index.js: {}
auto-servico-frontend-web/app/containers/UsuariosPage/index.js: {}
auto-servico-frontend-web/app/containers/UsuariosPage/index.js: {}
auto-servico-frontend-web/app/containers/UsuariosPage/index.js: {}
auto-servico-frontend-web/app/containers/UsuariosPage/index.js: {}
auto-servico-frontend-web/app/containers/UsuariosPage/index.js: Using EditorConfig core...
auto-servico-frontend-web/app/containers/UsuariosPage/components/EditarUsuario.js: {}
auto-servico-frontend-web/app/containers/UsuariosPage/components/EditarUsuario.js: {}
auto-servico-frontend-web/app/containers/UsuariosPage/components/EditarUsuario.js: {}
auto-servico-frontend-web/app/containers/UsuariosPage/components/EditarUsuario.js: {}
auto-servico-frontend-web/app/containers/UsuariosPage/index.js: {}
auto-servico-frontend-web/app/containers/UsuariosPage/components/EditarUsuario.js: {}
auto-servico-frontend-web/app/containers/UsuariosPage/components/EditarUsuario.js: Using EditorConfig core...
auto-servico-frontend-web/app/containers/UsuariosPage/components/EditarUsuario.js: {}
auto-servico-frontend-web/app/containers/UsuariosPage/index.js: {}
auto-servico-frontend-web/app/containers/UsuariosPage/index.js: {}
auto-servico-frontend-web/app/containers/UsuariosPage/index.js: {}
auto-servico-frontend-web/app/containers/UsuariosPage/index.js: {}
auto-servico-frontend-web/app/containers/UsuariosPage/index.js: {}
auto-servico-frontend-web/app/containers/UsuariosPage/index.js: {}
auto-servico-frontend-web/app/containers/UsuariosPage/index.js: {}
auto-servico-frontend-web/app/containers/UsuariosPage/index.js: {}
auto-servico-frontend-web/app/containers/UsuariosPage/index.js: {}
auto-servico-frontend-web/app/containers/UsuariosPage/index.js: {}
auto-servico-frontend-web/app/containers/UsuariosPage/index.js: {}
auto-servico-frontend-web/app/containers/UsuariosPage/index.js: {}
auto-servico-frontend-web/app/containers/UsuariosPage/index.js: {}
auto-servico-frontend-web/app/containers/UsuariosPage/index.js: {}
auto-servico-frontend-web/app/containers/UsuariosPage/index.js: {}
auto-servico-frontend-web/app/containers/UsuariosPage/index.js: {}
auto-servico-frontend-web/app/containers/UsuariosPage/index.js: {}
auto-servico-frontend-web/app/containers/UsuariosPage/index.js: {}
auto-servico-frontend-web/app/containers/UsuariosPage/index.js: {}
auto-servico-frontend-web/app/containers/UsuariosPage/index.js: {}
auto-servico-frontend-web/app/containers/UsuariosPage/index.js: {}
auto-servico-frontend-web/app/containers/UsuariosPage/index.js: {}
auto-servico-frontend-web/app/containers/UsuariosPage/index.js: {}
auto-servico-frontend-web/app/containers/UsuariosPage/index.js: {}
auto-servico-frontend-web/app/containers/UsuariosPage/index.js: {}
auto-servico-frontend-web/app/containers/UsuariosPage/index.js: {}
auto-servico-frontend-web/app/containers/UsuariosPage/components/EditarUsuario.js: {}
auto-servico-frontend-web/app/containers/UsuariosPage/index.js: {}
auto-servico-frontend-web/app/containers/UsuariosPage/index.js: {}
auto-servico-frontend-web/app/containers/UsuariosPage/index.js: {}
auto-servico-frontend-web/app/containers/UsuariosPage/index.js: {}
auto-servico-frontend-web/app/containers/UsuariosPage/components/EditarUsuario.js: {}
auto-servico-frontend-web/app/containers/UsuariosPage/components/EditarUsuario.js: {}
auto-servico-frontend-web/app/containers/UsuariosPage/index.js: {}
auto-servico-frontend-web/app/containers/UsuariosPage/index.js: {}
auto-servico-frontend-web/app/containers/UsuariosPage/index.js: {}
auto-servico-frontend-web/app/containers/UsuariosPage/index.js: {}
auto-servico-frontend-web/app/containers/UsuariosPage/index.js: {}
auto-servico-frontend-web/app/containers/UsuariosPage/index.js: Using EditorConfig core...
auto-servico-frontend-web/app/containers/UsuariosPage/components/EditarUsuario.js: {}
auto-servico-frontend-web/app/containers/UsuariosPage/components/EditarUsuario.js: Using EditorConfig core...
auto-servico-frontend-web/app/containers/UsuariosPage/index.js: {}
auto-servico-frontend-web/app/containers/UsuariosPage/index.js: {}
auto-servico-frontend-web/app/containers/UsuariosPage/components/EditarUsuario.js: {}
auto-servico-frontend-web/app/containers/UsuariosPage/components/EditarUsuario.js: Using EditorConfig core...
auto-servico-frontend-web/app/containers/UsuariosPage/components/EditarUsuario.js: {}
auto-servico-frontend-web/app/containers/UsuariosPage/components/EditarUsuario.js: {}
auto-servico-frontend-web/app/containers/UsuariosPage/index.js: {}
auto-servico-frontend-web/app/containers/UsuariosPage/index.js: Using EditorConfig core...
auto-servico-frontend-web/app/containers/UsuariosPage/index.js: Using EditorConfig core...
auto-servico-frontend-web/app/containers/UsuariosPage/components/EditarUsuario.js: {}
auto-servico-frontend-web/app/containers/UsuariosPage/components/EditarUsuario.js: Using EditorConfig core...
auto-servico-frontend-web/app/containers/UsuariosPage/index.js: {}
auto-servico-frontend-web/app/containers/UsuariosPage/index.js: {}
auto-servico-frontend-web/app/containers/UsuariosPage/index.js: {}
auto-servico-frontend-web/app/containers/UsuariosPage/index.js: Using EditorConfig core...
auto-servico-frontend-web/app/containers/UsuariosPage/index.js: {}
auto-servico-frontend-web/app/containers/UsuariosPage/index.js: {}
auto-servico-frontend-web/app/containers/UsuariosPage/index.js: Using EditorConfig core...
auto-servico-frontend-web/app/containers/UsuariosPage/index.js: {}
auto-servico-frontend-web/app/containers/UsuariosPage/index.js: {}
auto-servico-frontend-web/app/containers/UsuariosPage/index.js: {}
auto-servico-frontend-web/app/containers/UsuariosPage/index.js: Using EditorConfig core...
auto-servico-frontend-web/app/containers/UsuariosPage/components/EditarUsuario.js: {}
auto-servico-frontend-web/app/containers/UsuariosPage/index.js: {}
auto-servico-frontend-web/app/containers/UsuariosPage/index.js: Using EditorConfig core...
auto-servico-frontend-web/app/containers/UsuariosPage/index.js: {}
auto-servico-frontend-web/app/containers/UsuariosPage/index.js: {}
auto-servico-frontend-web/app/containers/UsuariosPage/index.js: {}
auto-servico-frontend-web/app/containers/UsuariosPage/index.js: {}
auto-servico-frontend-web/app/containers/UsuariosPage/index.js: {}
auto-servico-frontend-web/app/containers/UsuariosPage/components/AdicionarUsuario.js: {}
auto-servico-frontend-web/app/containers/UsuariosPage/index.js: {}
auto-servico-frontend-web/app/containers/UsuariosPage/index.js: {}
auto-servico-frontend-web/app/containers/UsuariosPage/components/AdicionarUsuario.js: {}
auto-servico-frontend-web/app/containers/UsuariosPage/index.js: {}
auto-servico-frontend-web/app/containers/UsuariosPage/index.js: {}
auto-servico-frontend-web/app/containers/UsuariosPage/index.js: {}
auto-servico-frontend-web/app/containers/UsuariosPage/index.js: {}
auto-servico-frontend-web/app/containers/UsuariosPage/index.js: {}
auto-servico-frontend-web/app/containers/UsuariosPage/index.js: {}
auto-servico-frontend-web/app/containers/UsuariosPage/index.js: {}
auto-servico-frontend-web/app/containers/UsuariosPage/index.js: {}
auto-servico-frontend-web/app/containers/UsuariosPage/index.js: {}
auto-servico-frontend-web/app/containers/UsuariosPage/index.js: {}
auto-servico-frontend-web/app/containers/UsuariosPage/index.js: {}
auto-servico-frontend-web/app/containers/UsuariosPage/index.js: {}
auto-servico-frontend-web/app/containers/UsuariosPage/index.js: {}
auto-servico-frontend-web/app/containers/UsuariosPage/index.js: {}
auto-servico-frontend-web/app/containers/UsuariosPage/components/EditarUsuario.js: {}
auto-servico-frontend-web/app/containers/UsuariosPage/index.js: {}
auto-servico-frontend-web/app/containers/UsuariosPage/components/UsuariosTable.js: {}
auto-servico-frontend-web/app/containers/UsuariosPage/index.js: {}
auto-servico-frontend-web/app/containers/UsuariosPage/components/ListaUsuariosTable.js: {}
auto-servico-frontend-web/app/containers/UsuariosPage/index.js: {}
auto-servico-frontend-web/app/containers/UsuariosPage/index.js: {}
auto-servico-frontend-web/app/containers/UsuariosPage/index.js: {}
auto-servico-frontend-web/app/containers/UsuariosPage/components/AdicionarUsuario.js: {}
auto-servico-frontend-web/app/containers/UsuariosPage/components/EditarUsuario.js: {}
auto-servico-frontend-web/app/containers/UsuariosPage/components/UsuariosTable.js: {}
auto-servico-frontend-web/app/containers/UsuariosPage/components/UsuariosTable.js: {}
auto-servico-frontend-web/app/containers/UsuariosPage/components/UsuariosTable.js: {}
auto-servico-frontend-web/app/containers/UsuariosPage/components/UsuariosTable.js: {}
